[    0.000000] Linux version 4.15.0-212-generic (buildd@lcy02-amd64-083) (gcc version 7.5.0 (Ubuntu 7.5.0-3ubuntu1~18.04)) #223-Ubuntu SMP Tue May 23 13:09:22 UTC 2023 (Ubuntu 4.15.0-212.223-generic 4.15.18)
[    0.000000] Command line: BOOT_IMAGE=/boot/vmlinuz-4.15.0-212-generic root=LABEL=cloudimg-rootfs ro console=tty1 console=ttyS0
[    0.000000] KERNEL supported cpus:
[    0.000000]   Intel GenuineIntel
[    0.000000]   AMD AuthenticAMD
[    0.000000]   Centaur CentaurHauls
[    0.000000] [Firmware Bug]: TSC doesn't count with P0 frequency!
[    0.000000] x86/fpu: x87 FPU will use FXSAVE
[    0.000000] e820: BIOS-provided physical RAM map:
[    0.000000] BIOS-e820: [mem 0x0000000000000000-0x000000000009fbff] usable
[    0.000000] BIOS-e820: [mem 0x000000000009fc00-0x000000000009ffff] reserved
[    0.000000] BIOS-e820: [mem 0x00000000000f0000-0x00000000000fffff] reserved
[    0.000000] BIOS-e820: [mem 0x0000000000100000-0x000000003ffeffff] usable
[    0.000000] BIOS-e820: [mem 0x000000003fff0000-0x000000003fffffff] ACPI data
[    0.000000] BIOS-e820: [mem 0x00000000fec00000-0x00000000fec00fff] reserved
[    0.000000] BIOS-e820: [mem 0x00000000fee00000-0x00000000fee00fff] reserved
[    0.000000] BIOS-e820: [mem 0x00000000fffc0000-0x00000000ffffffff] reserved
[    0.000000] NX (Execute Disable) protection: active
[    0.000000] SMBIOS 2.5 present.
[    0.000000] DMI: innotek GmbH VirtualBox/VirtualBox, BIOS VirtualBox 12/01/2006
[    0.000000] Hypervisor detected: KVM
[    0.000000] e820: last_pfn = 0x3fff0 max_arch_pfn = 0x400000000
[    0.000000] MTRR: Disabled
[    0.000000] x86/PAT: MTRRs disabled, skipping PAT initialization too.
[    0.000000] CPU MTRRs all blank - virtualized system.
[    0.000000] x86/PAT: Configuration [0-7]: WB  WT  UC- UC  WB  WT  UC- UC  
[    0.000000] found SMP MP-table at [mem 0x0009fff0-0x0009ffff]
[    0.000000] Scanning 1 areas for low memory corruption
[    0.000000] RAMDISK: [mem 0x359cb000-0x36cdcfff]
[    0.000000] ACPI: Early table checksum verification disabled
[    0.000000] ACPI: RSDP 0x00000000000E0000 000024 (v02 VBOX  )
[    0.000000] ACPI: XSDT 0x000000003FFF0030 00003C (v01 VBOX   VBOXXSDT 00000001 ASL  00000061)
[    0.000000] ACPI: FACP 0x000000003FFF00F0 0000F4 (v04 VBOX   VBOXFACP 00000001 ASL  00000061)
[    0.000000] ACPI: DSDT 0x000000003FFF0610 002353 (v02 VBOX   VBOXBIOS 00000002 INTL 20100528)
[    0.000000] ACPI: FACS 0x000000003FFF0200 000040
[    0.000000] ACPI: FACS 0x000000003FFF0200 000040
[    0.000000] ACPI: APIC 0x000000003FFF0240 00005C (v02 VBOX   VBOXAPIC 00000001 ASL  00000061)
[    0.000000] ACPI: SSDT 0x000000003FFF02A0 00036C (v01 VBOX   VBOXCPUT 00000002 INTL 20100528)
[    0.000000] ACPI: Reserving FACP table memory at [mem 0x3fff00f0-0x3fff01e3]
[    0.000000] ACPI: Reserving DSDT table memory at [mem 0x3fff0610-0x3fff2962]
[    0.000000] ACPI: Reserving FACS table memory at [mem 0x3fff0200-0x3fff023f]
[    0.000000] ACPI: Reserving FACS table memory at [mem 0x3fff0200-0x3fff023f]
[    0.000000] ACPI: Reserving APIC table memory at [mem 0x3fff0240-0x3fff029b]
[    0.000000] ACPI: Reserving SSDT table memory at [mem 0x3fff02a0-0x3fff060b]
[    0.000000] No NUMA configuration found
[    0.000000] Faking a node at [mem 0x0000000000000000-0x000000003ffeffff]
[    0.000000] NODE_DATA(0) allocated [mem 0x3ffc5000-0x3ffeffff]
[    0.000000] kvm-clock: cpu 0, msr 0:3ff44001, primary cpu clock
[    0.000000] kvm-clock: Using msrs 4b564d01 and 4b564d00
[    0.000000] kvm-clock: using sched offset of 4133916060 cycles
[    0.000000] clocksource: kvm-clock: mask: 0xffffffffffffffff max_cycles: 0x1cd42e4dffb, max_idle_ns: 881590591483 ns
[    0.000000] Zone ranges:
[    0.000000]   DMA      [mem 0x0000000000001000-0x0000000000ffffff]
[    0.000000]   DMA32    [mem 0x0000000001000000-0x000000003ffeffff]
[    0.000000]   Normal   empty
[    0.000000]   Device   empty
[    0.000000] Movable zone start for each node
[    0.000000] Early memory node ranges
[    0.000000]   node   0: [mem 0x0000000000001000-0x000000000009efff]
[    0.000000]   node   0: [mem 0x0000000000100000-0x000000003ffeffff]
[    0.000000] Reserved but unavailable: 104 pages
[    0.000000] Initmem setup node 0 [mem 0x0000000000001000-0x000000003ffeffff]
[    0.000000] ACPI: PM-Timer IO Port: 0x4008
[    0.000000] IOAPIC[0]: apic_id 2, version 32, address 0xfec00000, GSI 0-23
[    0.000000] ACPI: INT_SRC_OVR (bus 0 bus_irq 0 global_irq 2 dfl dfl)
[    0.000000] ACPI: INT_SRC_OVR (bus 0 bus_irq 9 global_irq 9 low level)
[    0.000000] Using ACPI (MADT) for SMP configuration information
[    0.000000] smpboot: Allowing 2 CPUs, 0 hotplug CPUs
[    0.000000] PM: Registered nosave memory: [mem 0x00000000-0x00000fff]
[    0.000000] PM: Registered nosave memory: [mem 0x0009f000-0x0009ffff]
[    0.000000] PM: Registered nosave memory: [mem 0x000a0000-0x000effff]
[    0.000000] PM: Registered nosave memory: [mem 0x000f0000-0x000fffff]
[    0.000000] e820: [mem 0x40000000-0xfebfffff] available for PCI devices
[    0.000000] Booting paravirtualized kernel on KVM
[    0.000000] clocksource: refined-jiffies: mask: 0xffffffff max_cycles: 0xffffffff, max_idle_ns: 7645519600211568 ns
[    0.000000] setup_percpu: NR_CPUS:8192 nr_cpumask_bits:2 nr_cpu_ids:2 nr_node_ids:1
[    0.000000] percpu: Embedded 50 pages/cpu s167936 r8192 d28672 u1048576
[    0.000000] PV qspinlock hash table entries: 256 (order: 0, 4096 bytes)
[    0.000000] Built 1 zonelists, mobility grouping on.  Total pages: 257913
[    0.000000] Policy zone: DMA32
[    0.000000] Kernel command line: BOOT_IMAGE=/boot/vmlinuz-4.15.0-212-generic root=LABEL=cloudimg-rootfs ro console=tty1 console=ttyS0
[    0.000000] Memory: 982644K/1048120K available (12300K kernel code, 2477K rwdata, 4324K rodata, 2480K init, 2720K bss, 65476K reserved, 0K cma-reserved)
[    0.000000] SLUB: HWalign=64, Order=0-3, MinObjects=0, CPUs=2, Nodes=1
[    0.000000] ftrace: allocating 39508 entries in 155 pages
[    0.004000] Hierarchical RCU implementation.
[    0.004000] 	RCU restricting CPUs from NR_CPUS=8192 to nr_cpu_ids=2.
[    0.004000] 	Tasks RCU enabled.
[    0.004000] RCU: Adjusting geometry for rcu_fanout_leaf=16, nr_cpu_ids=2
[    0.004000] NR_IRQS: 524544, nr_irqs: 440, preallocated irqs: 16
[    0.004000] random: crng init done
[    0.004000] Console: colour VGA+ 80x25
[    0.004000] console [tty1] enabled
[    0.004000] console [ttyS0] enabled
[    0.004000] ACPI: Core revision 20170831
[    0.004000] ACPI: 2 ACPI AML tables successfully acquired and loaded
[    0.004000] APIC: Switch to symmetric I/O mode setup
[    0.004000] ..TIMER: vector=0x30 apic1=0 pin1=2 apic2=-1 pin2=-1
[    0.004000] tsc: Detected 1996.194 MHz processor
[    0.004000] Calibrating delay loop (skipped) preset value.. 3992.38 BogoMIPS (lpj=7984776)
[    0.004000] pid_max: default: 32768 minimum: 301
[    0.004000] Security Framework initialized
[    0.004010] Yama: becoming mindful.
[    0.008166] AppArmor: AppArmor initialized
[    0.022167] Dentry cache hash table entries: 131072 (order: 8, 1048576 bytes)
[    0.028353] Inode-cache hash table entries: 65536 (order: 7, 524288 bytes)
[    0.032130] Mount-cache hash table entries: 2048 (order: 2, 16384 bytes)
[    0.036132] Mountpoint-cache hash table entries: 2048 (order: 2, 16384 bytes)
[    0.045617] Last level iTLB entries: 4KB 1024, 2MB 1024, 4MB 512
[    0.048005] Last level dTLB entries: 4KB 2048, 2MB 2048, 4MB 1024, 1GB 0
[    0.052009] Spectre V1 : Mitigation: usercopy/swapgs barriers and __user pointer sanitization
[    0.056008] Spectre V2 : Mitigation: Retpolines
[    0.060008] Spectre V2 : Spectre v2 / SpectreRSB mitigation: Filling RSB on context switch
[    0.064007] Spectre V2 : Spectre v2 / SpectreRSB : Filling RSB on VMEXIT
[    0.068007] RETBleed: Vulnerable
[    0.072223] Freeing SMP alternatives memory: 36K
[    0.201065] APIC calibration not consistent with PM-Timer: 101ms instead of 100ms
[    0.204000] APIC delta adjusted to PM-Timer: 6369185 (6465376)
[    0.204533] smpboot: CPU0: AMD Ryzen 7 4700U with Radeon Graphics (family: 0x17, model: 0x60, stepping: 0x1)
[    0.208667] Performance Events: PMU not available due to virtualization, using software events only.
[    0.216242] Hierarchical SRCU implementation.
[    0.224882] NMI watchdog: Perf event create on CPU 0 failed with -2
[    0.228008] NMI watchdog: Perf NMI watchdog permanently disabled
[    0.232542] smp: Bringing up secondary CPUs ...
[    0.240685] x86: Booting SMP configuration:
[    0.244093] .... node  #0, CPUs:      #1
[    0.004000] kvm-clock: cpu 1, msr 0:3ff44041, secondary cpu clock
[    0.258491] TSC synchronization [CPU#0 -> CPU#1]:
[    0.260000] Measured 50762 cycles TSC warp between CPUs, turning off TSC clock.
[    0.260000] tsc: Marking TSC unstable due to check_tsc_sync_source failed
[    0.264364] smp: Brought up 1 node, 2 CPUs
[    0.268010] smpboot: Max logical packages: 1
[    0.272013] smpboot: Total of 2 processors activated (7984.77 BogoMIPS)
[    0.284240] devtmpfs: initialized
[    0.288643] x86/mm: Memory block size: 128MB
[    0.296613] evm: security.selinux
[    0.304005] evm: security.SMACK64
[    0.308005] evm: security.SMACK64EXEC
[    0.312006] evm: security.SMACK64TRANSMUTE
[    0.320006] evm: security.SMACK64MMAP
[    0.328006] evm: security.apparmor
[    0.332006] evm: security.ima
[    0.336007] evm: security.capability
[    0.348015] clocksource: jiffies: mask: 0xffffffff max_cycles: 0xffffffff, max_idle_ns: 7645041785100000 ns
[    0.352024] futex hash table entries: 512 (order: 3, 32768 bytes)
[    0.356274] pinctrl core: initialized pinctrl subsystem
[    0.360832] RTC time:  6:34:38, date: 10/06/23
[    0.369195] NET: Registered protocol family 16
[    0.372240] audit: initializing netlink subsys (disabled)
[    0.376309] audit: type=2000 audit(1696574083.084:1): state=initialized audit_enabled=0 res=1
[    0.392243] cpuidle: using governor ladder
[    0.400013] cpuidle: using governor menu
[    0.408094] ACPI: bus type PCI registered
[    0.412008] acpiphp: ACPI Hot Plug PCI Controller Driver version: 0.5
[    0.416952] PCI: Using configuration type 1 for base access
[    0.420007] PCI: Using configuration type 1 for extended access
[    0.429333] HugeTLB registered 2.00 MiB page size, pre-allocated 0 pages
[    0.436510] ACPI: Added _OSI(Module Device)
[    0.444012] ACPI: Added _OSI(Processor Device)
[    0.448011] ACPI: Added _OSI(3.0 _SCP Extensions)
[    0.456010] ACPI: Added _OSI(Processor Aggregator Device)
[    0.460006] ACPI: Added _OSI(Linux-Dell-Video)
[    0.468010] ACPI: Added _OSI(Linux-Lenovo-NV-HDMI-Audio)
[    0.476008] ACPI: Added _OSI(Linux-HPI-Hybrid-Graphics)
[    0.484476] ACPI: Executed 1 blocks of module-level executable AML code
[    0.497626] ACPI: Interpreter enabled
[    0.500029] ACPI: (supports S0 S5)
[    0.508006] ACPI: Using IOAPIC for interrupt routing
[    0.512497] PCI: Using host bridge windows from ACPI; if necessary, use "pci=nocrs" and report a bug
[    0.524349] ACPI: Enabled 2 GPEs in block 00 to 07
[    0.543440] ACPI: PCI Root Bridge [PCI0] (domain 0000 [bus 00-ff])
[    0.548023] acpi PNP0A03:00: _OSC: OS supports [ExtendedConfig ASPM ClockPM Segments MSI]
[    0.561428] acpi PNP0A03:00: _OSC: platform does not support [PCIeCapability]
[    0.568968] acpi PNP0A03:00: _OSC: not requesting control; platform does not support [PCIeCapability]
[    0.580011] acpi PNP0A03:00: _OSC: OS requested [PCIeHotplug PME AER PCIeCapability]
[    0.588014] acpi PNP0A03:00: _OSC: platform willing to grant [PCIeHotplug PME AER]
[    0.596010] acpi PNP0A03:00: _OSC failed (AE_SUPPORT); disabling ASPM
[    0.605024] PCI host bridge to bus 0000:00
[    0.612011] pci_bus 0000:00: root bus resource [io  0x0000-0x0cf7 window]
[    0.620011] pci_bus 0000:00: root bus resource [io  0x0d00-0xffff window]
[    0.628006] pci_bus 0000:00: root bus resource [mem 0x000a0000-0x000bffff window]
[    0.636010] pci_bus 0000:00: root bus resource [mem 0x40000000-0xfdffffff window]
[    0.644009] pci_bus 0000:00: root bus resource [bus 00-ff]
[    0.660004] pci 0000:00:01.1: legacy IDE quirk: reg 0x10: [io  0x01f0-0x01f7]
[    0.668008] pci 0000:00:01.1: legacy IDE quirk: reg 0x14: [io  0x03f6]
[    0.672009] pci 0000:00:01.1: legacy IDE quirk: reg 0x18: [io  0x0170-0x0177]
[    0.680011] pci 0000:00:01.1: legacy IDE quirk: reg 0x1c: [io  0x0376]
[    0.714540] pci 0000:00:07.0: quirk: [io  0x4000-0x403f] claimed by PIIX4 ACPI
[    0.720054] pci 0000:00:07.0: quirk: [io  0x4100-0x410f] claimed by PIIX4 SMB
[    0.739420] ACPI: PCI Interrupt Link [LNKA] (IRQs 5 9 10 *11)
[    0.744751] ACPI: PCI Interrupt Link [LNKB] (IRQs 5 9 *10 11)
[    0.752279] ACPI: PCI Interrupt Link [LNKC] (IRQs 5 *9 10 11)
[    0.760318] ACPI: PCI Interrupt Link [LNKD] (IRQs 5 9 10 *11)
[    0.769005] SCSI subsystem initialized
[    0.772607] pci 0000:00:02.0: vgaarb: setting as boot VGA device
[    0.776000] pci 0000:00:02.0: vgaarb: VGA device added: decodes=io+mem,owns=io+mem,locks=none
[    0.792010] pci 0000:00:02.0: vgaarb: bridge control possible
[    0.796009] vgaarb: loaded
[    0.800042] ACPI: bus type USB registered
[    0.808077] usbcore: registered new interface driver usbfs
[    0.812033] usbcore: registered new interface driver hub
[    0.820028] usbcore: registered new device driver usb
[    0.828341] EDAC MC: Ver: 3.0.0
[    0.832754] PCI: Using ACPI for IRQ routing
[    0.840246] NetLabel: Initializing
[    0.844008] NetLabel:  domain hash size = 128
[    0.848020] NetLabel:  protocols = UNLABELED CIPSOv4 CALIPSO
[    0.852024] NetLabel:  unlabeled traffic allowed by default
[    0.860292] clocksource: Switched to clocksource kvm-clock
[    0.924010] VFS: Disk quotas dquot_6.6.0
[    0.929378] VFS: Dquot-cache hash table entries: 512 (order 0, 4096 bytes)
[    0.938968] AppArmor: AppArmor Filesystem Enabled
[    0.944939] pnp: PnP ACPI init
[    0.951731] pnp: PnP ACPI: found 3 devices
[    1.006084] clocksource: acpi_pm: mask: 0xffffff max_cycles: 0xffffff, max_idle_ns: 2085701024 ns
[    1.016651] NET: Registered protocol family 2
[    1.023292] IP idents hash table entries: 16384 (order: 5, 131072 bytes)
[    1.031177] TCP established hash table entries: 8192 (order: 4, 65536 bytes)
[    1.040502] TCP bind hash table entries: 8192 (order: 5, 131072 bytes)
[    1.049152] TCP: Hash tables configured (established 8192 bind 8192)
[    1.057841] UDP hash table entries: 512 (order: 2, 16384 bytes)
[    1.064996] UDP-Lite hash table entries: 512 (order: 2, 16384 bytes)
[    1.072918] NET: Registered protocol family 1
[    1.078699] pci 0000:00:00.0: Limiting direct PCI/PCI transfers
[    1.085913] pci 0000:00:01.0: Activating ISA DMA hang workarounds
[    1.094062] pci 0000:00:02.0: Video device with shadowed ROM at [mem 0x000c0000-0x000dffff]
[    1.105848] Unpacking initramfs...
[    1.184346] Freeing initrd memory: 19528K
[    1.651782] clocksource: tsc: mask: 0xffffffffffffffff max_cycles: 0x398c458c015, max_idle_ns: 881590450971 ns
[    1.662146] platform rtc_cmos: registered platform RTC device (no PNP device found)
[    1.671521] Scanning for low memory corruption every 60 seconds
[    1.680916] Initialise system trusted keyrings
[    1.686051] Key type blacklist registered
[    1.691686] workingset: timestamp_bits=36 max_order=18 bucket_order=0
[    1.700773] zbud: loaded
[    1.705853] squashfs: version 4.0 (2009/01/31) Phillip Lougher
[    1.714133] fuse init (API version 7.26)
[    1.752799] Key type asymmetric registered
[    1.758202] Asymmetric key parser 'x509' registered
[    1.764133] Block layer SCSI generic (bsg) driver version 0.4 loaded (major 246)
[    1.773730] io scheduler noop registered
[    1.777849] io scheduler deadline registered
[    1.782293] io scheduler cfq registered (default)
[    1.788434] ACPI: AC Adapter [AC] (on-line)
[    1.793601] input: Power Button as /devices/LNXSYSTM:00/LNXPWRBN:00/input/input0
[    1.801239] ACPI: Power Button [PWRF]
[    1.805354] input: Sleep Button as /devices/LNXSYSTM:00/LNXSLPBN:00/input/input1
[    1.813004] ACPI: Sleep Button [SLPF]
[    1.818218] Serial: 8250/16550 driver, 32 ports, IRQ sharing enabled
[    1.819639] ACPI: Battery Slot [BAT0] (battery present)
[    1.861392] 00:02: ttyS0 at I/O 0x3f8 (irq = 4, base_baud = 115200) is a 16550A
[    1.888364] Linux agpgart interface v0.103
[    1.904947] loop: module loaded
[    1.911676] scsi host0: ata_piix
[    1.918130] scsi host1: ata_piix
[    1.922331] ata1: PATA max UDMA/33 cmd 0x1f0 ctl 0x3f6 bmdma 0xd000 irq 14
[    1.929375] ata2: PATA max UDMA/33 cmd 0x170 ctl 0x376 bmdma 0xd008 irq 15
[    1.938461] tun: Universal TUN/TAP device driver, 1.6
[    1.945728] PPP generic driver version 2.4.2
[    1.951352] ehci_hcd: USB 2.0 'Enhanced' Host Controller (EHCI) Driver
[    1.959540] ehci-pci: EHCI PCI platform driver
[    1.964707] ehci-platform: EHCI generic platform driver
[    1.970959] ohci_hcd: USB 1.1 'Open' Host Controller (OHCI) Driver
[    1.977204] ohci-pci: OHCI PCI platform driver
[    1.982888] ohci-platform: OHCI generic platform driver
[    1.988734] uhci_hcd: USB Universal Host Controller Interface driver
[    1.995691] i8042: PNP: PS/2 Controller [PNP0303:PS2K,PNP0f03:PS2M] at 0x60,0x64 irq 1,12
[    2.008418] serio: i8042 KBD port at 0x60,0x64 irq 1
[    2.013695] serio: i8042 AUX port at 0x60,0x64 irq 12
[    2.021127] mousedev: PS/2 mouse device common for all mice
[    2.029489] input: AT Translated Set 2 keyboard as /devices/platform/i8042/serio0/input/input2
[    2.030420] rtc_cmos rtc_cmos: rtc core: registered rtc_cmos as rtc0
[    2.046758] rtc_cmos rtc_cmos: alarms up to one day, 114 bytes nvram
[    2.053420] i2c /dev entries driver
[    2.056996] device-mapper: uevent: version 1.0.3
[    2.062956] device-mapper: ioctl: 4.37.0-ioctl (2017-09-20) initialised: dm-devel@redhat.com
[    2.072491] ledtrig-cpu: registered to indicate activity on CPUs
[    2.081608] NET: Registered protocol family 10
[    2.129396] Segment Routing with IPv6
[    2.133385] NET: Registered protocol family 17
[    2.138840] Key type dns_resolver registered
[    2.155567] mce: Using 0 MCE banks
[    2.159511] RAS: Correctable Errors collector initialized.
[    2.168264] sched_clock: Marking stable (2168073016, 0)->(3105064080, -936991064)
[    2.179086] registered taskstats version 1
[    2.183439] Loading compiled-in X.509 certificates
[    2.193912] Loaded X.509 cert 'Build time autogenerated kernel key: b5b26778eaa3ab3a4a6cee031137706e947d12ad'
[    2.204616] Loaded X.509 cert 'Canonical Ltd. Live Patch Signing: 14df34d1a87cf37625abec039ef2bf521249b969'
[    2.215312] Loaded X.509 cert 'Canonical Ltd. Kernel Module Signing: 88f752e560a1e0737e31163a466ad7b70a850c19'
[    2.226911] blacklist: Loading compiled-in revocation X.509 certificates
[    2.234920] Loaded X.509 cert 'Canonical Ltd. Secure Boot Signing: 61482aa2830d0ab2ad5af10b7250da9033ddcef0'
[    2.245212] Loaded X.509 cert 'Canonical Ltd. Secure Boot Signing (2017): 242ade75ac4a15e50d50c84b0d45ff3eae707a03'
[    2.256729] Loaded X.509 cert 'Canonical Ltd. Secure Boot Signing (ESM 2018): 365188c1d374d6b07c3c8f240f8ef722433d6a8b'
[    2.267765] Loaded X.509 cert 'Canonical Ltd. Secure Boot Signing (2019): c0746fd6c5da3ae827864651ad66ae47fe24b3e8'
[    2.278940] Loaded X.509 cert 'Canonical Ltd. Secure Boot Signing (2021 v1): a8d54bbb3825cfb94fa13c9f8a594a195c107b8d'
[    2.290662] Loaded X.509 cert 'Canonical Ltd. Secure Boot Signing (2021 v2): 4cf046892d6fd3c9a5b03f98d845f90851dc6a8c'
[    2.302145] Loaded X.509 cert 'Canonical Ltd. Secure Boot Signing (2021 v3): 100437bb6de6e469b581e61cd66bce3ef4ed53af'
[    2.314366] Loaded X.509 cert 'Canonical Ltd. Secure Boot Signing (Ubuntu Core 2019): c1d57b8f6b743f23ee41f4f7ee292f06eecadfb9'
[    2.327881] zswap: loaded using pool lzo/zbud
[    2.346617] Key type big_key registered
[    2.351585] Key type trusted registered
[    2.361860] Key type encrypted registered
[    2.366205] AppArmor: AppArmor sha1 policy hashing enabled
[    2.373074] ima: No TPM chip found, activating TPM-bypass! (rc=-19)
[    2.380097] ima: Allocated hash algorithm: sha1
[    2.385022] evm: HMAC attrs: 0x1
[    2.389742]   Magic number: 11:139:569
[    2.394270] rtc_cmos rtc_cmos: setting system clock to 2023-10-06 06:34:40 UTC (1696574080)
[    2.402798] BIOS EDD facility v0.16 2004-Jun-25, 0 devices found
[    2.409083] EDD information not available.
[    2.417250] Freeing unused kernel image memory: 2480K
[    2.448312] Write protecting the kernel read-only data: 20480k
[    2.457170] Freeing unused kernel image memory: 2008K
[    2.462689] Freeing unused kernel image memory: 1820K
[    2.474663] x86/mm: Checked W+X mappings: passed, no W+X pages found.
Loading, please wait...
starting version 237
[    2.575072] e1000: Intel(R) PRO/1000 Network Driver - version 7.3.21-k8-NAPI
[    2.582866] e1000: Copyright (c) 1999-2006 Intel Corporation.
[    2.594409] Fusion MPT base driver 3.04.20
[    2.599520] Copyright (c) 1999-2008 LSI Corporation
[    2.631630] Fusion MPT SPI Host driver 3.04.20
[    2.639458] SSE version of gcm_enc/dec engaged.
[    2.851571] input: ImExPS/2 Generic Explorer Mouse as /devices/platform/i8042/serio1/input/input4
[    3.612098] e1000 0000:00:03.0 eth0: (PCI:33MHz:32-bit) 02:3b:7b:b7:3b:2d
[    3.618908] e1000 0000:00:03.0 eth0: Intel(R) PRO/1000 Network Connection
[    3.627511] e1000 0000:00:03.0 enp0s3: renamed from eth0
[    3.628778] mptbase: ioc0: Initiating bringup
[    3.751400] ioc0: LSI53C1030 A0: Capabilities={Initiator}
[    4.321521] scsi host2: ioc0: LSI53C1030 A0, FwRev=00000000h, Ports=1, MaxQ=256, IRQ=20
[    4.902489] scsi 2:0:0:0: Direct-Access     VBOX     HARDDISK         1.0  PQ: 0 ANSI: 5
[    4.940139] scsi target2:0:0: Beginning Domain Validation
[    4.953683] scsi target2:0:0: Domain Validation skipping write tests
[    4.959798] scsi target2:0:0: Ending Domain Validation
[    4.964793] scsi target2:0:0: asynchronous
[    4.971050] scsi 2:0:1:0: Direct-Access     VBOX     HARDDISK         1.0  PQ: 0 ANSI: 5
[    5.624317] scsi target2:0:1: Beginning Domain Validation
[    5.638116] scsi target2:0:1: Domain Validation skipping write tests
[    5.644284] scsi target2:0:1: Ending Domain Validation
[    5.649500] scsi target2:0:1: asynchronous
[    5.668571] sd 2:0:0:0: Attached scsi generic sg0 type 0
[    5.670377] sd 2:0:0:0: [sda] 83886080 512-byte logical blocks: (42.9 GB/40.0 GiB)
[    5.674409] sd 2:0:1:0: Attached scsi generic sg1 type 0
[    5.682718] sd 2:0:0:0: [sda] Write Protect is off
[    5.693453] sd 2:0:1:0: [sdb] 20480 512-byte logical blocks: (10.5 MB/10.0 MiB)
[    5.693615] sd 2:0:0:0: [sda] Incomplete mode parameter data
[    5.707029] sd 2:0:0:0: [sda] Assuming drive cache: write through
[    5.707397] sd 2:0:1:0: [sdb] Write Protect is off
[    5.719473] sd 2:0:1:0: [sdb] Incomplete mode parameter data
[    5.720327]  sda: sda1
[    5.724971] sd 2:0:1:0: [sdb] Assuming drive cache: write through
[    5.729917] sd 2:0:0:0: [sda] Attached SCSI disk
[    5.747912] sd 2:0:1:0: [sdb] Attached SCSI disk
Begin: Loading essential drivers ... 